[0.036s] Invoking command in '/home/noguchikousuke/ros2_ws/src/person_msgs/build/person_msgs': CMAKE_PREFIX_PATH=${CMAKE_PREFIX_PATH}:/home/noguchikousuke/ros2_ws/install/mypkg:/opt/ros/humble /usr/bin/cmake /home/noguchikousuke/ros2_ws/src/person_msgs -DCMAKE_INSTALL_PREFIX=/home/noguchikousuke/ros2_ws/src/person_msgs/install/person_msgs
[0.061s] -- Found ament_cmake: 1.3.3 (/opt/ros/humble/share/ament_cmake/cmake)
[0.477s] -- Found rosidl_default_generators: 1.2.0 (/opt/ros/humble/share/rosidl_default_generators/cmake)
[0.482s] -- Using all available rosidl_typesupport_c: rosidl_typesupport_fastrtps_c;rosidl_typesupport_introspection_c
[0.491s] -- Found rosidl_adapter: 3.1.4 (/opt/ros/humble/share/rosidl_adapter/cmake)
[0.577s] -- Using all available rosidl_typesupport_cpp: rosidl_typesupport_fastrtps_cpp;rosidl_typesupport_introspection_cpp
[1.155s] [31mCMake Error at /opt/ros/humble/share/rosidl_adapter/cmake/rosidl_adapt_interfaces.cmake:59 (message):
[1.156s]   execute_process(/usr/bin/python3.10 -m rosidl_adapter --package-name
[1.156s]   person_msgs --arguments-file
[1.156s]   /home/noguchikousuke/ros2_ws/src/person_msgs/build/person_msgs/rosidl_adapter__arguments__person_msgs.json
[1.156s]   --output-dir
[1.156s]   /home/noguchikousuke/ros2_ws/src/person_msgs/build/person_msgs/rosidl_adapter/person_msgs
[1.157s]   --output-file
[1.157s]   /home/noguchikousuke/ros2_ws/src/person_msgs/build/person_msgs/rosidl_adapter/person_msgs.idls)
[1.157s]   returned error code 1:
[1.157s] 
[1.157s]   Error processing 'unit8 age' of 'person_msgs/Query_Response': ''unit8' is
[1.157s]   an invalid message name.  It should have the pattern '^[A-Z][A-Za-z0-9]*$''
[1.158s] 
[1.158s]   Traceback (most recent call last):
[1.158s] 
[1.158s]     File "/usr/lib/python3.10/runpy.py", line 196, in _run_module_as_main
[1.158s]       return _run_code(code, main_globals, None,
[1.158s]     File "/usr/lib/python3.10/runpy.py", line 86, in _run_code
[1.159s]       exec(code, run_globals)
[1.159s]     File "/opt/ros/humble/local/lib/python3.10/dist-packages/rosidl_adapter/__main__.py", line 19, in <module>
[1.159s]       sys.exit(main())
[1.159s]     File "/opt/ros/humble/local/lib/python3.10/dist-packages/rosidl_adapter/main.py", line 53, in main
[1.159s]       abs_idl_file = convert_to_idl(
[1.159s]     File "/opt/ros/humble/local/lib/python3.10/dist-packages/rosidl_adapter/__init__.py", line 24, in convert_to_idl
[1.159s]       return convert_srv_to_idl(
[1.160s]     File "/opt/ros/humble/local/lib/python3.10/dist-packages/rosidl_adapter/srv/__init__.py", line 28, in convert_srv_to_idl
[1.160s]       srv = parse_service_string(package_name, input_file.stem, content)
[1.160s]     File "/opt/ros/humble/local/lib/python3.10/dist-packages/rosidl_adapter/parser.py", line 863, in parse_service_string
[1.160s]       response_message = parse_message_string(
[1.160s]     File "/opt/ros/humble/local/lib/python3.10/dist-packages/rosidl_adapter/parser.py", line 520, in parse_message_string
[1.160s]       Type(type_string, context_package_name=pkg_name),
[1.160s]     File "/opt/ros/humble/local/lib/python3.10/dist-packages/rosidl_adapter/parser.py", line 277, in __init__
[1.161s]       super(Type, self).__init__(
[1.161s]     File "/opt/ros/humble/local/lib/python3.10/dist-packages/rosidl_adapter/parser.py", line 205, in __init__
[1.161s]       raise InvalidResourceName(
[1.161s] 
[1.161s]   rosidl_adapter.parser.InvalidResourceName: 'unit8' is an invalid message
[1.161s]   name.  It should have the pattern '^[A-Z][A-Za-z0-9]*$'
[1.161s] 
[1.162s] Call Stack (most recent call first):
[1.162s]   /opt/ros/humble/share/rosidl_cmake/cmake/rosidl_generate_interfaces.cmake:130 (rosidl_adapt_interfaces)
[1.162s]   CMakeLists.txt:14 (rosidl_generate_interfaces)
[1.162s] 
[1.162s] [0m
[1.162s] -- Configuring incomplete, errors occurred!
[1.162s] See also "/home/noguchikousuke/ros2_ws/src/person_msgs/build/person_msgs/CMakeFiles/CMakeOutput.log".
[1.167s] Invoked command in '/home/noguchikousuke/ros2_ws/src/person_msgs/build/person_msgs' returned '1': CMAKE_PREFIX_PATH=${CMAKE_PREFIX_PATH}:/home/noguchikousuke/ros2_ws/install/mypkg:/opt/ros/humble /usr/bin/cmake /home/noguchikousuke/ros2_ws/src/person_msgs -DCMAKE_INSTALL_PREFIX=/home/noguchikousuke/ros2_ws/src/person_msgs/install/person_msgs
