[0.055s] Invoking command in '/home/noguchikousuke/ros2_ws/src/person_msgs/build/person_msgs': CMAKE_PREFIX_PATH=${CMAKE_PREFIX_PATH}:/home/noguchikousuke/ros2_ws/install/mypkg:/opt/ros/humble /usr/bin/cmake /home/noguchikousuke/ros2_ws/src/person_msgs -DCMAKE_INSTALL_PREFIX=/home/noguchikousuke/ros2_ws/src/person_msgs/install/person_msgs
[0.644s] -- The C compiler identification is GNU 11.3.0
[0.900s] -- The CXX compiler identification is GNU 11.3.0
[0.916s] -- Detecting C compiler ABI info
[1.129s] -- Detecting C compiler ABI info - done
[1.152s] -- Check for working C compiler: /usr/bin/cc - skipped
[1.158s] -- Detecting C compile features
[1.161s] -- Detecting C compile features - done
[1.172s] -- Detecting CXX compiler ABI info
[1.375s] -- Detecting CXX compiler ABI info - done
[1.397s] -- Check for working CXX compiler: /usr/bin/c++ - skipped
[1.398s] -- Detecting CXX compile features
[1.399s] -- Detecting CXX compile features - done
[1.422s] -- Found ament_cmake: 1.3.3 (/opt/ros/humble/share/ament_cmake/cmake)
[1.909s] -- Found Python3: /usr/bin/python3.10 (found version "3.10.6") found components: Interpreter 
[2.138s] -- Found rosidl_default_generators: 1.2.0 (/opt/ros/humble/share/rosidl_default_generators/cmake)
[2.149s] -- Using all available rosidl_typesupport_c: rosidl_typesupport_fastrtps_c;rosidl_typesupport_introspection_c
[2.170s] -- Found rosidl_adapter: 3.1.4 (/opt/ros/humble/share/rosidl_adapter/cmake)
[2.303s] -- Using all available rosidl_typesupport_cpp: rosidl_typesupport_fastrtps_cpp;rosidl_typesupport_introspection_cpp
[2.855s] [31mCMake Error at /opt/ros/humble/share/rosidl_adapter/cmake/rosidl_adapt_interfaces.cmake:59 (message):
[2.856s]   execute_process(/usr/bin/python3.10 -m rosidl_adapter --package-name
[2.856s]   person_msgs --arguments-file
[2.857s]   /home/noguchikousuke/ros2_ws/src/person_msgs/build/person_msgs/rosidl_adapter__arguments__person_msgs.json
[2.857s]   --output-dir
[2.857s]   /home/noguchikousuke/ros2_ws/src/person_msgs/build/person_msgs/rosidl_adapter/person_msgs
[2.858s]   --output-file
[2.858s]   /home/noguchikousuke/ros2_ws/src/person_msgs/build/person_msgs/rosidl_adapter/person_msgs.idls)
[2.858s]   returned error code 1:
[2.858s] 
[2.858s]   Error processing 'unit8 age' of 'person_msgs/Query_Response': ''unit8' is
[2.858s]   an invalid message name.  It should have the pattern '^[A-Z][A-Za-z0-9]*$''
[2.859s] 
[2.859s]   Traceback (most recent call last):
[2.859s] 
[2.859s]     File "/usr/lib/python3.10/runpy.py", line 196, in _run_module_as_main
[2.859s]       return _run_code(code, main_globals, None,
[2.859s]     File "/usr/lib/python3.10/runpy.py", line 86, in _run_code
[2.859s]       exec(code, run_globals)
[2.860s]     File "/opt/ros/humble/local/lib/python3.10/dist-packages/rosidl_adapter/__main__.py", line 19, in <module>
[2.860s]       sys.exit(main())
[2.860s]     File "/opt/ros/humble/local/lib/python3.10/dist-packages/rosidl_adapter/main.py", line 53, in main
[2.860s]       abs_idl_file = convert_to_idl(
[2.860s]     File "/opt/ros/humble/local/lib/python3.10/dist-packages/rosidl_adapter/__init__.py", line 24, in convert_to_idl
[2.861s]       return convert_srv_to_idl(
[2.861s]     File "/opt/ros/humble/local/lib/python3.10/dist-packages/rosidl_adapter/srv/__init__.py", line 28, in convert_srv_to_idl
[2.861s]       srv = parse_service_string(package_name, input_file.stem, content)
[2.861s]     File "/opt/ros/humble/local/lib/python3.10/dist-packages/rosidl_adapter/parser.py", line 863, in parse_service_string
[2.861s]       response_message = parse_message_string(
[2.861s]     File "/opt/ros/humble/local/lib/python3.10/dist-packages/rosidl_adapter/parser.py", line 520, in parse_message_string
[2.862s]       Type(type_string, context_package_name=pkg_name),
[2.863s]     File "/opt/ros/humble/local/lib/python3.10/dist-packages/rosidl_adapter/parser.py", line 277, in __init__
[2.864s]       super(Type, self).__init__(
[2.865s]     File "/opt/ros/humble/local/lib/python3.10/dist-packages/rosidl_adapter/parser.py", line 205, in __init__
[2.866s]       raise InvalidResourceName(
[2.866s] 
[2.868s]   rosidl_adapter.parser.InvalidResourceName: 'unit8' is an invalid message
[2.868s]   name.  It should have the pattern '^[A-Z][A-Za-z0-9]*$'
[2.868s] 
[2.869s] Call Stack (most recent call first):
[2.869s]   /opt/ros/humble/share/rosidl_cmake/cmake/rosidl_generate_interfaces.cmake:130 (rosidl_adapt_interfaces)
[2.870s]   CMakeLists.txt:14 (rosidl_generate_interfaces)
[2.870s] 
[2.871s] [0m
[2.871s] -- Configuring incomplete, errors occurred!
[2.871s] See also "/home/noguchikousuke/ros2_ws/src/person_msgs/build/person_msgs/CMakeFiles/CMakeOutput.log".
[2.874s] Invoked command in '/home/noguchikousuke/ros2_ws/src/person_msgs/build/person_msgs' returned '1': CMAKE_PREFIX_PATH=${CMAKE_PREFIX_PATH}:/home/noguchikousuke/ros2_ws/install/mypkg:/opt/ros/humble /usr/bin/cmake /home/noguchikousuke/ros2_ws/src/person_msgs -DCMAKE_INSTALL_PREFIX=/home/noguchikousuke/ros2_ws/src/person_msgs/install/person_msgs
